
[evaluate] Starting  (ROUGE only=True)
[evaluate] Found 15 run files.

[evaluate] Run : 20260508_224901  (2026-05-08T23:10:00.246534)
           File: C:\Personal_Endeavours\Fine_Tuning\evaluations\enhanced_eval_20260508_224901\run.json
  -> Variant: 10cat_4bit_r16_lr1e-4_p3_v2_20260508_054337  [T2:greedy-SC + T4:min-tokens + T6:two-pass]
    ROUGE  (40 answers)... done
[evaluate] Metrics saved -> C:\Personal_Endeavours\Fine_Tuning\evaluations\enhanced_eval_20260508_224901\metrics.json

================================================================================
  Run : 20260508_224901   Evaluated: 2026-05-12T01:51:39
================================================================================
  Variant              ROUGE-1   ROUGE-2   ROUGE-L    tok/s   VRAM MB
  -------------------------------------------------------------------
  10cat_4bit_r16_lr1e-4_p3_v2_20260508_054337  [T2:greedy-SC + T4:min-tokens + T6:two-pass]    0.3265    0.0894    0.1963      4.1      2232

  -- Safety-critical vs Non-urgent ROUGE-L --
  Variant               SC ROUGE-L  Non-SC ROUGE-L    SC BERT-F1  Non-SC BERT-F1
  ------------------------------------------------------------------------------
  10cat_4bit_r16_lr1e-4_p3_v2_20260508_054337  [T2:greedy-SC + T4:min-tokens + T6:two-pass]        0.1815          0.2353       n/a           n/a      

  -- Per-category ROUGE-L --
  Category                              10cat_4bit_r16_lr1e-4_p3_v2_20260508_054337  [T2:greedy-SC + T4:min-tokens + T6:two-pass]
  -------------------------------------------------------------------------------------------------------------------------------
  Airway, Choking & Drowning               0.1825
  Bites, Stings & Envenomation             0.1425
  Bleeding & Wounds                        0.1849
  Burns & Environmental Emergencies        0.1988
  Cardiac & Resuscitation                  0.2083
  Metabolic & Endocrine Emergencies        0.1342
  Minor Injuries & General First Aid       0.2253
  Neurological & Altered Consciousness     0.1815
  Poisoning, Overdose & Toxic Exposure     0.2439
  Respiratory Emergencies                  0.1678
  Spinal Injuries & Patient Movement       0.2022
  Trauma & Musculoskeletal                 0.2225
================================================================================


[evaluate] Run : 20260512_014658  (2026-05-12T01:48:46.209675)
           File: C:\Personal_Endeavours\Fine_Tuning\evaluations\enhanced_eval_20260512_014658\run.json
  -> Variant: 10cat_4bit_r16_lr1e-4_p3_v2_20260508_054337  [T5:RAG]
    ROUGE  (40 answers)... done
[evaluate] Metrics saved -> C:\Personal_Endeavours\Fine_Tuning\evaluations\enhanced_eval_20260512_014658\metrics.json

================================================================================
  Run : 20260512_014658   Evaluated: 2026-05-12T01:51:39
================================================================================
  Variant              ROUGE-1   ROUGE-2   ROUGE-L    tok/s   VRAM MB
  -------------------------------------------------------------------
  10cat_4bit_r16_lr1e-4_p3_v2_20260508_054337  [T5:RAG]    0.3249    0.0948    0.2194     18.8      2241

  -- Safety-critical vs Non-urgent ROUGE-L --
  Variant               SC ROUGE-L  Non-SC ROUGE-L    SC BERT-F1  Non-SC BERT-F1
  ------------------------------------------------------------------------------
  10cat_4bit_r16_lr1e-4_p3_v2_20260508_054337  [T5:RAG]        0.2036          0.2611       n/a           n/a      

  -- Per-category ROUGE-L --
  Category                              10cat_4bit_r16_lr1e-4_p3_v2_20260508_054337  [T5:RAG]
  -------------------------------------------------------------------------------------------
  Airway, Choking & Drowning               0.2018
  Bites, Stings & Envenomation             0.1641
  Bleeding & Wounds                        0.2452
  Burns & Environmental Emergencies        0.2875
  Cardiac & Resuscitation                  0.2207
  Metabolic & Endocrine Emergencies        0.1549
  Minor Injuries & General First Aid       0.2437
  Neurological & Altered Consciousness     0.2163
  Poisoning, Overdose & Toxic Exposure     0.1842
  Respiratory Emergencies                  0.1569
  Spinal Injuries & Patient Movement       0.2095
  Trauma & Musculoskeletal                 0.2369
================================================================================


[evaluate] Run : 20260512_014930  (2026-05-12T01:51:16.194618)
           File: C:\Personal_Endeavours\Fine_Tuning\evaluations\enhanced_eval_20260512_014930\run.json
  -> Variant: 10cat_4bit_r16_lr1e-4_p3_v2_20260508_054337  [T2:greedy-SC + T5:RAG]
    ROUGE  (40 answers)... done
[evaluate] Metrics saved -> C:\Personal_Endeavours\Fine_Tuning\evaluations\enhanced_eval_20260512_014930\metrics.json

================================================================================
  Run : 20260512_014930   Evaluated: 2026-05-12T01:51:39
================================================================================
  Variant              ROUGE-1   ROUGE-2   ROUGE-L    tok/s   VRAM MB
  -------------------------------------------------------------------
  10cat_4bit_r16_lr1e-4_p3_v2_20260508_054337  [T2:greedy-SC + T5:RAG]    0.3276    0.1056    0.2157     19.0      2241

  -- Safety-critical vs Non-urgent ROUGE-L --
  Variant               SC ROUGE-L  Non-SC ROUGE-L    SC BERT-F1  Non-SC BERT-F1
  ------------------------------------------------------------------------------
  10cat_4bit_r16_lr1e-4_p3_v2_20260508_054337  [T2:greedy-SC + T5:RAG]        0.1974          0.2641       n/a           n/a      

  -- Per-category ROUGE-L --
  Category                              10cat_4bit_r16_lr1e-4_p3_v2_20260508_054337  [T2:greedy-SC + T5:RAG]
  ----------------------------------------------------------------------------------------------------------
  Airway, Choking & Drowning               0.1981
  Bites, Stings & Envenomation             0.1496
  Bleeding & Wounds                        0.2116
  Burns & Environmental Emergencies        0.2548
  Cardiac & Resuscitation                  0.2160
  Metabolic & Endocrine Emergencies        0.1460
  Minor Injuries & General First Aid       0.2842
  Neurological & Altered Consciousness     0.2205
  Poisoning, Overdose & Toxic Exposure     0.1627
  Respiratory Emergencies                  0.2416
  Spinal Injuries & Patient Movement       0.2335
  Trauma & Musculoskeletal                 0.2241
================================================================================


[evaluate] Run : 20260505_143609  (2026-05-05T14:52:23.746516)
           File: C:\Personal_Endeavours\Fine_Tuning\evaluations\eval_20260505_143609\run.json
  -> Variant: Base model (no fine-tuning)
    ROUGE  (20 answers)... done
  -> Variant: Fine-tuned QLoRA 4-bit
    ROUGE  (20 answers)... done
  -> Variant: Fine-tuned LoRA 8-bit
    ROUGE  (20 answers)... done
  -> Variant: Fine-tuned LoRA fp16
    ROUGE  (20 answers)... done
[evaluate] Metrics saved -> C:\Personal_Endeavours\Fine_Tuning\evaluations\eval_20260505_143609\metrics.json

================================================================================
  Run : 20260505_143609   Evaluated: 2026-05-12T01:51:40
================================================================================
  Variant              ROUGE-1   ROUGE-2   ROUGE-L    tok/s   VRAM MB
  -------------------------------------------------------------------
  Base model (no fine-tuning)    0.3034    0.0988    0.2040     53.9      5033
  Fine-tuned QLoRA 4-bit    0.2241    0.0714    0.1457     19.5      2232
  Fine-tuned LoRA 8-bit    0.2204    0.0728    0.1539     11.0      4423
  Fine-tuned LoRA fp16    0.1947    0.0606    0.1335     29.7      5115

  -- Safety-critical vs Non-urgent ROUGE-L --
  Variant               SC ROUGE-L  Non-SC ROUGE-L    SC BERT-F1  Non-SC BERT-F1
  ------------------------------------------------------------------------------
  Base model (no fine-tuning)        0.1934          0.2236       n/a           n/a      
  Fine-tuned QLoRA 4-bit        0.1418          0.1529       n/a           n/a      
  Fine-tuned LoRA 8-bit        0.1434          0.1735       n/a           n/a      
  Fine-tuned LoRA fp16        0.1221          0.1548       n/a           n/a      

  -- Per-category ROUGE-L --
  Category                              Base model (no fine-tuning)  Fine-tuned QLoRA 4-bit  Fine-tuned LoRA 8-bit  Fine-tuned LoRA fp16
  --------------------------------------------------------------------------------------------------------------------------------------
  Airway, Choking & Drowning               0.1550     0.0988     0.1144     0.1172
  Bites, Stings & Envenomation             0.1614     0.1465     0.1377     0.1041
  Bleeding & Wounds                        0.2142     0.1855     0.1906     0.1313
  Burns & Environmental Emergencies        0.2542     0.1698     0.2029     0.1699
  Cardiac & Resuscitation                  0.2581     0.1129     0.1471     0.1081
  Minor Injuries & General First Aid       0.2636     0.1440     0.1698     0.1551
  Neurological & Altered Consciousness     0.1729     0.1822     0.1247     0.1084
  Poisoning, Overdose & Toxic Exposure     0.1729     0.1236     0.1508     0.1553
  Spinal Injuries & Patient Movement       0.1538     0.1688     0.1603     0.1709
  Trauma & Musculoskeletal                 0.1816     0.1529     0.1476     0.1464
================================================================================


[evaluate] Run : 20260505_154620  (2026-05-05T15:52:09.320891)
           File: C:\Personal_Endeavours\Fine_Tuning\evaluations\eval_20260505_154620\run.json
  -> Variant: Base model (no fine-tuning)
    ROUGE  (20 answers)... done
  -> Variant: Fine-tuned QLoRA 4-bit
    ROUGE  (20 answers)... done
  -> Variant: Fine-tuned LoRA 8-bit
    ROUGE  (20 answers)... done
  -> Variant: Fine-tuned LoRA fp16
    ROUGE  (20 answers)... done
[evaluate] Metrics saved -> C:\Personal_Endeavours\Fine_Tuning\evaluations\eval_20260505_154620\metrics.json

================================================================================
  Run : 20260505_154620   Evaluated: 2026-05-12T01:51:41
================================================================================
  Variant              ROUGE-1   ROUGE-2   ROUGE-L    tok/s   VRAM MB
  -------------------------------------------------------------------
  Base model (no fine-tuning)    0.2926    0.0878    0.1811     53.2      5035
  Fine-tuned QLoRA 4-bit    0.3745    0.1286    0.2402     19.5      2232
  Fine-tuned LoRA 8-bit    0.3954    0.1461    0.2565     10.8      4423
  Fine-tuned LoRA fp16    0.2805    0.0789    0.1784     29.4      5115

  -- Safety-critical vs Non-urgent ROUGE-L --
  Variant               SC ROUGE-L  Non-SC ROUGE-L    SC BERT-F1  Non-SC BERT-F1
  ------------------------------------------------------------------------------
  Base model (no fine-tuning)        0.1749          0.1926       n/a           n/a      
  Fine-tuned QLoRA 4-bit        0.2293          0.2604       n/a           n/a      
  Fine-tuned LoRA 8-bit        0.2502          0.2683       n/a           n/a      
  Fine-tuned LoRA fp16        0.1724          0.1895       n/a           n/a      

  -- Per-category ROUGE-L --
  Category                              Base model (no fine-tuning)  Fine-tuned QLoRA 4-bit  Fine-tuned LoRA 8-bit  Fine-tuned LoRA fp16
  --------------------------------------------------------------------------------------------------------------------------------------
  Airway, Choking & Drowning               0.1403     0.1611     0.2975     0.1250
  Bites, Stings & Envenomation             0.1235     0.2235     0.2712     0.2210
  Bleeding & Wounds                        0.1535     0.2056     0.2220     0.1187
  Burns & Environmental Emergencies        0.2193     0.3200     0.3008     0.2786
  Cardiac & Resuscitation                  0.2465     0.2621     0.2853     0.2048
  Minor Injuries & General First Aid       0.2437     0.2663     0.2904     0.1817
  Neurological & Altered Consciousness     0.1521     0.2191     0.1621     0.1514
  Poisoning, Overdose & Toxic Exposure     0.1688     0.2028     0.2012     0.1783
  Spinal Injuries & Patient Movement       0.1429     0.1947     0.2136     0.1692
  Trauma & Musculoskeletal                 0.1686     0.3133     0.2852     0.1373
================================================================================


[evaluate] Run : 20260506_004949  (2026-05-06T00:53:11.034862)
           File: C:\Personal_Endeavours\Fine_Tuning\evaluations\eval_20260506_004949\run.json
  -> Variant: gemma-2b-it 4bit
    ROUGE  (20 answers)... done
  -> Variant: Fine-tuned LoRA 4-bit
    ROUGE  (20 answers)... done
  -> Variant: Fine-tuned LoRA google/gemma-2b-it 4-bit
    ROUGE  (20 answers)... done
[evaluate] Metrics saved -> C:\Personal_Endeavours\Fine_Tuning\evaluations\eval_20260506_004949\metrics.json

================================================================================
  Run : 20260506_004949   Evaluated: 2026-05-12T01:51:41
================================================================================
  Variant              ROUGE-1   ROUGE-2   ROUGE-L    tok/s   VRAM MB
  -------------------------------------------------------------------
  gemma-2b-it 4bit      0.3494    0.1069    0.2341     17.9      2232
  Fine-tuned LoRA 4-bit    0.3842    0.1374    0.2595     17.9      3255
  Fine-tuned LoRA google/gemma-2b-it 4-bit    0.3722    0.1262    0.2490     18.0      3255

  -- Safety-critical vs Non-urgent ROUGE-L --
  Variant               SC ROUGE-L  Non-SC ROUGE-L    SC BERT-F1  Non-SC BERT-F1
  ------------------------------------------------------------------------------
  gemma-2b-it 4bit          0.2105          0.2780       n/a           n/a      
  Fine-tuned LoRA 4-bit        0.2531          0.2714       n/a           n/a      
  Fine-tuned LoRA google/gemma-2b-it 4-bit        0.2462          0.2542       n/a           n/a      

  -- Per-category ROUGE-L --
  Category                              gemma-2b-it 4bit  Fine-tuned LoRA 4-bit  Fine-tuned LoRA google/gemma-2b-it 4-bit
  -----------------------------------------------------------------------------------------------------------------------
  Airway, Choking & Drowning               0.1840     0.1770     0.2539
  Bites, Stings & Envenomation             0.1919     0.1978     0.2151
  Bleeding & Wounds                        0.2648     0.2183     0.2516
  Burns & Environmental Emergencies        0.3030     0.3297     0.3597
  Cardiac & Resuscitation                  0.2399     0.2836     0.2972
  Minor Injuries & General First Aid       0.2981     0.2797     0.2328
  Neurological & Altered Consciousness     0.1576     0.3538     0.1353
  Poisoning, Overdose & Toxic Exposure     0.2043     0.2117     0.1722
  Spinal Injuries & Patient Movement       0.2889     0.2524     0.3125
  Trauma & Musculoskeletal                 0.2334     0.2756     0.2676
================================================================================


[evaluate] Run : 20260506_122433  (2026-05-06T12:26:31.291685)
           File: C:\Personal_Endeavours\Fine_Tuning\evaluations\eval_20260506_122433\run.json
  -> Variant: exp 10cat 4bit lr1e-4 pat3 20260506 012852
    ROUGE  (20 answers)... done
  -> Variant: exp 10cat 4bit r8 lr1e-4 pat3 20260506 012852
    ROUGE  (20 answers)... done
[evaluate] Metrics saved -> C:\Personal_Endeavours\Fine_Tuning\evaluations\eval_20260506_122433\metrics.json

================================================================================
  Run : 20260506_122433   Evaluated: 2026-05-12T01:51:42
================================================================================
  Variant              ROUGE-1   ROUGE-2   ROUGE-L    tok/s   VRAM MB
  -------------------------------------------------------------------
  exp 10cat 4bit lr1e-4 pat3 20260506 012852    0.3793    0.1321    0.2566     19.9      2232
  exp 10cat 4bit r8 lr1e-4 pat3 20260506 012852    0.3691    0.1227    0.2414     20.0      3215

  -- Safety-critical vs Non-urgent ROUGE-L --
  Variant               SC ROUGE-L  Non-SC ROUGE-L    SC BERT-F1  Non-SC BERT-F1
  ------------------------------------------------------------------------------
  exp 10cat 4bit lr1e-4 pat3 20260506 012852        0.2344          0.2979       n/a           n/a      
  exp 10cat 4bit r8 lr1e-4 pat3 20260506 012852        0.2188          0.2833       n/a           n/a      

  -- Per-category ROUGE-L --
  Category                              exp 10cat 4bit lr1e-4 pat3 20260506 012852  exp 10cat 4bit r8 lr1e-4 pat3 20260506 012852
  -------------------------------------------------------------------------------------------------------------------------------
  Airway, Choking & Drowning               0.2467     0.2457
  Bites, Stings & Envenomation             0.1652     0.1656
  Bleeding & Wounds                        0.2132     0.2010
  Burns & Environmental Emergencies        0.3603     0.3518
  Cardiac & Resuscitation                  0.2683     0.2394
  Minor Injuries & General First Aid       0.2710     0.3035
  Neurological & Altered Consciousness     0.2031     0.1793
  Poisoning, Overdose & Toxic Exposure     0.2731     0.2711
  Spinal Injuries & Patient Movement       0.2418     0.1609
  Trauma & Musculoskeletal                 0.3103     0.2561
================================================================================


[evaluate] Run : 20260506_122822  (2026-05-06T12:33:29.012555)
           File: C:\Personal_Endeavours\Fine_Tuning\evaluations\eval_20260506_122822\run.json
  -> Variant: exp 10cat 4bit lr1e-4 pat3 20260506 012852
    ROUGE  (20 answers)... done
  -> Variant: exp 10cat 4bit r8 lr1e-4 pat3 20260506 012852
    ROUGE  (20 answers)... done
  -> Variant: gemma-2b-it 4bit
    ROUGE  (20 answers)... done
  -> Variant: Fine-tuned LoRA 4-bit
    ROUGE  (20 answers)... done
  -> Variant: Fine-tuned LoRA google/gemma-2b-it 4-bit
    ROUGE  (20 answers)... done
[evaluate] Metrics saved -> C:\Personal_Endeavours\Fine_Tuning\evaluations\eval_20260506_122822\metrics.json

================================================================================
  Run : 20260506_122822   Evaluated: 2026-05-12T01:51:42
================================================================================
  Variant              ROUGE-1   ROUGE-2   ROUGE-L    tok/s   VRAM MB
  -------------------------------------------------------------------
  exp 10cat 4bit lr1e-4 pat3 20260506 012852    0.3793    0.1321    0.2566     18.8      2232
  exp 10cat 4bit r8 lr1e-4 pat3 20260506 012852    0.3691    0.1227    0.2414     18.8      3215
  gemma-2b-it 4bit      0.3494    0.1069    0.2341     18.8      3255
  Fine-tuned LoRA 4-bit    0.3842    0.1374    0.2595     18.8      3255
  Fine-tuned LoRA google/gemma-2b-it 4-bit    0.3722    0.1262    0.2490     18.7      3255

  -- Safety-critical vs Non-urgent ROUGE-L --
  Variant               SC ROUGE-L  Non-SC ROUGE-L    SC BERT-F1  Non-SC BERT-F1
  ------------------------------------------------------------------------------
  exp 10cat 4bit lr1e-4 pat3 20260506 012852        0.2344          0.2979       n/a           n/a      
  exp 10cat 4bit r8 lr1e-4 pat3 20260506 012852        0.2188          0.2833       n/a           n/a      
  gemma-2b-it 4bit          0.2105          0.2780       n/a           n/a      
  Fine-tuned LoRA 4-bit        0.2531          0.2714       n/a           n/a      
  Fine-tuned LoRA google/gemma-2b-it 4-bit        0.2462          0.2542       n/a           n/a      

  -- Per-category ROUGE-L --
  Category                              exp 10cat 4bit lr1e-4 pat3 20260506 012852  exp 10cat 4bit r8 lr1e-4 pat3 20260506 012852  gemma-2b-it 4bit  Fine-tuned LoRA 4-bit  Fine-tuned LoRA google/gemma-2b-it 4-bit
  ------------------------------------------------------------------------------------------------------------------------------------------------------------------------------------------------------------------
  Airway, Choking & Drowning               0.2467     0.2457     0.1840     0.1770     0.2539
  Bites, Stings & Envenomation             0.1652     0.1656     0.1919     0.1978     0.2151
  Bleeding & Wounds                        0.2132     0.2010     0.2648     0.2183     0.2516
  Burns & Environmental Emergencies        0.3603     0.3518     0.3030     0.3297     0.3597
  Cardiac & Resuscitation                  0.2683     0.2394     0.2399     0.2836     0.2972
  Minor Injuries & General First Aid       0.2710     0.3035     0.2981     0.2797     0.2328
  Neurological & Altered Consciousness     0.2031     0.1793     0.1576     0.3538     0.1353
  Poisoning, Overdose & Toxic Exposure     0.2731     0.2711     0.2043     0.2117     0.1722
  Spinal Injuries & Patient Movement       0.2418     0.1609     0.2889     0.2524     0.3125
  Trauma & Musculoskeletal                 0.3103     0.2561     0.2334     0.2756     0.2676
================================================================================


[evaluate] Run : 20260506_132114  (2026-05-06T13:28:24.036814)
           File: C:\Personal_Endeavours\Fine_Tuning\evaluations\eval_20260506_132114\run.json
  -> Variant: exp 10cat 4bit lr1e-4 pat3 20260506 012852
    ROUGE  (30 answers)... done
  -> Variant: exp 10cat 4bit r8 lr1e-4 pat3 20260506 012852
    ROUGE  (30 answers)... done
  -> Variant: gemma-2b-it 4bit
    ROUGE  (30 answers)... done
  -> Variant: Fine-tuned LoRA 4-bit
    ROUGE  (30 answers)... done
  -> Variant: Fine-tuned LoRA google/gemma-2b-it 4-bit
    ROUGE  (30 answers)... done
[evaluate] Metrics saved -> C:\Personal_Endeavours\Fine_Tuning\evaluations\eval_20260506_132114\metrics.json

================================================================================
  Run : 20260506_132114   Evaluated: 2026-05-12T01:51:43
================================================================================
  Variant              ROUGE-1   ROUGE-2   ROUGE-L    tok/s   VRAM MB
  -------------------------------------------------------------------
  exp 10cat 4bit lr1e-4 pat3 20260506 012852    0.3676    0.1183    0.2447     18.7      2232
  exp 10cat 4bit r8 lr1e-4 pat3 20260506 012852    0.3592    0.1150    0.2341     19.0      3215
  gemma-2b-it 4bit      0.3391    0.0974    0.2206     19.8      3255
  Fine-tuned LoRA 4-bit    0.3756    0.1298    0.2551     19.8      3255
  Fine-tuned LoRA google/gemma-2b-it 4-bit    0.3778    0.1289    0.2502     19.8      3255

  -- Safety-critical vs Non-urgent ROUGE-L --
  Variant               SC ROUGE-L  Non-SC ROUGE-L    SC BERT-F1  Non-SC BERT-F1
  ------------------------------------------------------------------------------
  exp 10cat 4bit lr1e-4 pat3 20260506 012852        0.2273          0.2854       n/a           n/a      
  exp 10cat 4bit r8 lr1e-4 pat3 20260506 012852        0.2164          0.2755       n/a           n/a      
  gemma-2b-it 4bit          0.1973          0.2748       n/a           n/a      
  Fine-tuned LoRA 4-bit        0.2452          0.2784       n/a           n/a      
  Fine-tuned LoRA google/gemma-2b-it 4-bit        0.2434          0.2659       n/a           n/a      

  -- Per-category ROUGE-L --
  Category                              exp 10cat 4bit lr1e-4 pat3 20260506 012852  exp 10cat 4bit r8 lr1e-4 pat3 20260506 012852  gemma-2b-it 4bit  Fine-tuned LoRA 4-bit  Fine-tuned LoRA google/gemma-2b-it 4-bit
  ------------------------------------------------------------------------------------------------------------------------------------------------------------------------------------------------------------------
  Airway, Choking & Drowning               0.2447     0.2143     0.1606     0.2098     0.2395
  Bites, Stings & Envenomation             0.1740     0.1747     0.1946     0.1918     0.2187
  Bleeding & Wounds                        0.2356     0.2157     0.2321     0.2310     0.2581
  Burns & Environmental Emergencies        0.3311     0.3072     0.2675     0.2883     0.3333
  Cardiac & Resuscitation                  0.2683     0.2394     0.2399     0.2836     0.2972
  Minor Injuries & General First Aid       0.2502     0.2893     0.2949     0.2912     0.2646
  Neurological & Altered Consciousness     0.1830     0.1961     0.1522     0.3183     0.1527
  Poisoning, Overdose & Toxic Exposure     0.2339     0.2584     0.2150     0.2072     0.1998
  Spinal Injuries & Patient Movement       0.2280     0.1967     0.2137     0.2495     0.2644
  Trauma & Musculoskeletal                 0.2984     0.2492     0.2353     0.2808     0.2737
================================================================================


[evaluate] Run : 20260507_230926  (2026-05-07T23:18:47.508655)
           File: C:\Personal_Endeavours\Fine_Tuning\evaluations\eval_20260507_230926\run.json
  -> Variant: 10cat 4bit r16 lr1e-4 p5 20260506 192538
    ROUGE  (30 answers)... done
  -> Variant: 10cat 4bit r16 lr1e4 p3 20260506 012852
    ROUGE  (30 answers)... done
  -> Variant: 10cat 4bit r16 lr4e-4 p6 20260506 211729
    ROUGE  (30 answers)... done
  -> Variant: 10cat 4bit r32 lr1e-4 p6 20260507 160543
    ROUGE  (30 answers)... done
  -> Variant: 10cat 4bit r32 lr4e-4 p8 20260507 195206
    ROUGE  (30 answers)... done
  -> Variant: 10cat 4bit r8 lr1e-4 p8 20260507 174631
    ROUGE  (30 answers)... done
  -> Variant: 10cat 4bit r8 lr1e4 p3 20260506 012852
    ROUGE  (30 answers)... done
[evaluate] Metrics saved -> C:\Personal_Endeavours\Fine_Tuning\evaluations\eval_20260507_230926\metrics.json

================================================================================
  Run : 20260507_230926   Evaluated: 2026-05-12T01:51:44
================================================================================
  Variant              ROUGE-1   ROUGE-2   ROUGE-L    tok/s   VRAM MB
  -------------------------------------------------------------------
  10cat 4bit r16 lr1e-4 p5 20260506 192538    0.3685    0.1250    0.2434     19.8      2232
  10cat 4bit r16 lr1e4 p3 20260506 012852    0.3676    0.1183    0.2447     19.8      3255
  10cat 4bit r16 lr4e-4 p6 20260506 211729    0.3625    0.1182    0.2324     19.7      3255
  10cat 4bit r32 lr1e-4 p6 20260507 160543    0.3619    0.1145    0.2431     19.9      3333
  10cat 4bit r32 lr4e-4 p8 20260507 195206    0.3392    0.1068    0.2193     19.9      3333
  10cat 4bit r8 lr1e-4 p8 20260507 174631    0.3523    0.1171    0.2341     19.8      3215
  10cat 4bit r8 lr1e4 p3 20260506 012852    0.3592    0.1150    0.2341     19.9      3215

  -- Safety-critical vs Non-urgent ROUGE-L --
  Variant               SC ROUGE-L  Non-SC ROUGE-L    SC BERT-F1  Non-SC BERT-F1
  ------------------------------------------------------------------------------
  10cat 4bit r16 lr1e-4 p5 20260506 192538        0.2317          0.2706       n/a           n/a      
  10cat 4bit r16 lr1e4 p3 20260506 012852        0.2273          0.2854       n/a           n/a      
  10cat 4bit r16 lr4e-4 p6 20260506 211729        0.2148          0.2734       n/a           n/a      
  10cat 4bit r32 lr1e-4 p6 20260507 160543        0.2331          0.2665       n/a           n/a      
  10cat 4bit r32 lr4e-4 p8 20260507 195206        0.1965          0.2725       n/a           n/a      
  10cat 4bit r8 lr1e-4 p8 20260507 174631        0.2182          0.2712       n/a           n/a      
  10cat 4bit r8 lr1e4 p3 20260506 012852        0.2164          0.2755       n/a           n/a      

  -- Per-category ROUGE-L --
  Category                              10cat 4bit r16 lr1e-4 p5 20260506 192538  10cat 4bit r16 lr1e4 p3 20260506 012852  10cat 4bit r16 lr4e-4 p6 20260506 211729  10cat 4bit r32 lr1e-4 p6 20260507 160543  10cat 4bit r32 lr4e-4 p8 20260507 195206  10cat 4bit r8 lr1e-4 p8 20260507 174631  10cat 4bit r8 lr1e4 p3 20260506 012852
  --------------------------------------------------------------------------------------------------------------------------------------------------------------------------------------------------------------------------------------------------------------------------------------------------------------------------------------
  Airway, Choking & Drowning               0.2726     0.2447     0.1945     0.2810     0.1862     0.2458     0.2143
  Bites, Stings & Envenomation             0.1562     0.1740     0.1962     0.1716     0.1593     0.1850     0.1747
  Bleeding & Wounds                        0.2397     0.2356     0.2169     0.2473     0.2142     0.2325     0.2157
  Burns & Environmental Emergencies        0.3223     0.3311     0.3026     0.3061     0.2764     0.2726     0.3072
  Cardiac & Resuscitation                  0.2622     0.2683     0.2377     0.2997     0.2262     0.2651     0.2394
  Minor Injuries & General First Aid       0.2436     0.2502     0.3166     0.2570     0.3252     0.2984     0.2893
  Neurological & Altered Consciousness     0.2665     0.1830     0.1684     0.1874     0.1449     0.2191     0.1961
  Poisoning, Overdose & Toxic Exposure     0.2116     0.2339     0.2305     0.1839     0.2508     0.2152     0.2584
  Spinal Injuries & Patient Movement       0.1964     0.2280     0.2164     0.2390     0.2020     0.1847     0.1967
  Trauma & Musculoskeletal                 0.2628     0.2984     0.2443     0.2584     0.2080     0.2223     0.2492
================================================================================


[evaluate] Run : 20260508_162530  (2026-05-08T16:28:23.849572)
           File: C:\Personal_Endeavours\Fine_Tuning\evaluations\eval_20260508_162530\run.json
  -> Variant: 10cat 4bit r16 lr1e4 p3 20260506 012852
    ROUGE  (30 answers)... done
  -> Variant: 10cat 4bit r16 lr1e-4 p3 v2 20260508 054337
    ROUGE  (30 answers)... done
[evaluate] Metrics saved -> C:\Personal_Endeavours\Fine_Tuning\evaluations\eval_20260508_162530\metrics.json

================================================================================
  Run : 20260508_162530   Evaluated: 2026-05-12T01:51:45
================================================================================
  Variant              ROUGE-1   ROUGE-2   ROUGE-L    tok/s   VRAM MB
  -------------------------------------------------------------------
  10cat 4bit r16 lr1e4 p3 20260506 012852    0.3676    0.1183    0.2447     19.8      2232
  10cat 4bit r16 lr1e-4 p3 v2 20260508 054337    0.3677    0.1231    0.2424     18.7      3255

  -- Safety-critical vs Non-urgent ROUGE-L --
  Variant               SC ROUGE-L  Non-SC ROUGE-L    SC BERT-F1  Non-SC BERT-F1
  ------------------------------------------------------------------------------
  10cat 4bit r16 lr1e4 p3 20260506 012852        0.2273          0.2854       n/a           n/a      
  10cat 4bit r16 lr1e-4 p3 v2 20260508 054337        0.2322          0.2661       n/a           n/a      

  -- Per-category ROUGE-L --
  Category                              10cat 4bit r16 lr1e4 p3 20260506 012852  10cat 4bit r16 lr1e-4 p3 v2 20260508 054337
  --------------------------------------------------------------------------------------------------------------------------
  Airway, Choking & Drowning               0.2447     0.2714
  Bites, Stings & Envenomation             0.1740     0.1744
  Bleeding & Wounds                        0.2356     0.2221
  Burns & Environmental Emergencies        0.3311     0.3173
  Cardiac & Resuscitation                  0.2683     0.2600
  Minor Injuries & General First Aid       0.2502     0.2433
  Neurological & Altered Consciousness     0.1830     0.2075
  Poisoning, Overdose & Toxic Exposure     0.2339     0.2504
  Spinal Injuries & Patient Movement       0.2280     0.2136
  Trauma & Musculoskeletal                 0.2984     0.2640
================================================================================


[evaluate] Run : 20260508_165110  (2026-05-08T16:54:53.734411)
           File: C:\Personal_Endeavours\Fine_Tuning\evaluations\eval_20260508_165110\run.json
  -> Variant: 10cat 4bit r16 lr1e4 p3 20260506 012852
    ROUGE  (40 answers)... done
  -> Variant: 10cat 4bit r16 lr1e-4 p3 v2 20260508 054337
    ROUGE  (40 answers)... done
[evaluate] Metrics saved -> C:\Personal_Endeavours\Fine_Tuning\evaluations\eval_20260508_165110\metrics.json

================================================================================
  Run : 20260508_165110   Evaluated: 2026-05-12T01:51:45
================================================================================
  Variant              ROUGE-1   ROUGE-2   ROUGE-L    tok/s   VRAM MB
  -------------------------------------------------------------------
  10cat 4bit r16 lr1e4 p3 20260506 012852    0.3434    0.1048    0.2245     19.7      2232
  10cat 4bit r16 lr1e-4 p3 v2 20260508 054337    0.3477    0.1119    0.2245     19.3      3255

  -- Safety-critical vs Non-urgent ROUGE-L --
  Variant               SC ROUGE-L  Non-SC ROUGE-L    SC BERT-F1  Non-SC BERT-F1
  ------------------------------------------------------------------------------
  10cat 4bit r16 lr1e4 p3 20260506 012852        0.2093          0.2645       n/a           n/a      
  10cat 4bit r16 lr1e-4 p3 v2 20260508 054337        0.2130          0.2548       n/a           n/a      

  -- Per-category ROUGE-L --
  Category                              10cat 4bit r16 lr1e4 p3 20260506 012852  10cat 4bit r16 lr1e-4 p3 v2 20260508 054337
  --------------------------------------------------------------------------------------------------------------------------
  Airway, Choking & Drowning               0.2447     0.2714
  Bites, Stings & Envenomation             0.1628     0.1614
  Bleeding & Wounds                        0.2260     0.2130
  Burns & Environmental Emergencies        0.2753     0.2923
  Cardiac & Resuscitation                  0.2381     0.2283
  Metabolic & Endocrine Emergencies        0.1507     0.1295
  Minor Injuries & General First Aid       0.2460     0.2301
  Neurological & Altered Consciousness     0.1770     0.1804
  Poisoning, Overdose & Toxic Exposure     0.2339     0.2504
  Respiratory Emergencies                  0.1260     0.2443
  Spinal Injuries & Patient Movement       0.2280     0.2136
  Trauma & Musculoskeletal                 0.2614     0.2373
================================================================================


[evaluate] Run : 20260509_123546  (2026-05-09T12:37:21.666813)
           File: C:\Personal_Endeavours\Fine_Tuning\evaluations\eval_20260509_123546\run.json
  -> Variant: 10cat 4bit r16 lr1e-4 p3 v2 20260508 054337
    ROUGE  (30 answers)... done
[evaluate] Metrics saved -> C:\Personal_Endeavours\Fine_Tuning\evaluations\eval_20260509_123546\metrics.json

================================================================================
  Run : 20260509_123546   Evaluated: 2026-05-12T01:51:45
================================================================================
  Variant              ROUGE-1   ROUGE-2   ROUGE-L    tok/s   VRAM MB
  -------------------------------------------------------------------
  10cat 4bit r16 lr1e-4 p3 v2 20260508 054337    0.3677    0.1231    0.2424     19.7      2232

  -- Safety-critical vs Non-urgent ROUGE-L --
  Variant               SC ROUGE-L  Non-SC ROUGE-L    SC BERT-F1  Non-SC BERT-F1
  ------------------------------------------------------------------------------
  10cat 4bit r16 lr1e-4 p3 v2 20260508 054337        0.2322          0.2661       n/a           n/a      

  -- Per-category ROUGE-L --
  Category                              10cat 4bit r16 lr1e-4 p3 v2 20260508 054337
  ---------------------------------------------------------------------------------
  Airway, Choking & Drowning               0.2714
  Bites, Stings & Envenomation             0.1744
  Bleeding & Wounds                        0.2221
  Burns & Environmental Emergencies        0.3173
  Cardiac & Resuscitation                  0.2600
  Minor Injuries & General First Aid       0.2433
  Neurological & Altered Consciousness     0.2075
  Poisoning, Overdose & Toxic Exposure     0.2504
  Spinal Injuries & Patient Movement       0.2136
  Trauma & Musculoskeletal                 0.2640
================================================================================


[evaluate] Run : 20260509_124001  (2026-05-09T12:44:00.308095)
           File: C:\Personal_Endeavours\Fine_Tuning\evaluations\eval_20260509_124001\run.json
  -> Variant: 10cat 4bit r16 lr1e-4 p3 v2 20260508 054337
    ROUGE  (30 answers)... done
  -> Variant: 10cat 8bit r16 lr1e-4 p3 20260508 195536
    ROUGE  (30 answers)... done
[evaluate] Metrics saved -> C:\Personal_Endeavours\Fine_Tuning\evaluations\eval_20260509_124001\metrics.json

================================================================================
  Run : 20260509_124001   Evaluated: 2026-05-12T01:51:46
================================================================================
  Variant              ROUGE-1   ROUGE-2   ROUGE-L    tok/s   VRAM MB
  -------------------------------------------------------------------
  10cat 4bit r16 lr1e-4 p3 v2 20260508 054337    0.3677    0.1231    0.2424     19.3      2232
  10cat 8bit r16 lr1e-4 p3 20260508 195536    0.3663    0.1181    0.2436     10.7      4380

  -- Safety-critical vs Non-urgent ROUGE-L --
  Variant               SC ROUGE-L  Non-SC ROUGE-L    SC BERT-F1  Non-SC BERT-F1
  ------------------------------------------------------------------------------
  10cat 4bit r16 lr1e-4 p3 v2 20260508 054337        0.2322          0.2661       n/a           n/a      
  10cat 8bit r16 lr1e-4 p3 20260508 195536        0.2299          0.2756       n/a           n/a      

  -- Per-category ROUGE-L --
  Category                              10cat 4bit r16 lr1e-4 p3 v2 20260508 054337  10cat 8bit r16 lr1e-4 p3 20260508 195536
  ---------------------------------------------------------------------------------------------------------------------------
  Airway, Choking & Drowning               0.2714     0.2494
  Bites, Stings & Envenomation             0.1744     0.2211
  Bleeding & Wounds                        0.2221     0.2256
  Burns & Environmental Emergencies        0.3173     0.3132
  Cardiac & Resuscitation                  0.2600     0.2635
  Minor Injuries & General First Aid       0.2433     0.2575
  Neurological & Altered Consciousness     0.2075     0.2232
  Poisoning, Overdose & Toxic Exposure     0.2504     0.2141
  Spinal Injuries & Patient Movement       0.2136     0.2018
  Trauma & Musculoskeletal                 0.2640     0.2669
================================================================================


[evaluate] Run : 20260509_124559  (2026-05-09T12:51:21.975988)
           File: C:\Personal_Endeavours\Fine_Tuning\evaluations\eval_20260509_124559\run.json
  -> Variant: 10cat 4bit r16 lr1e-4 p3 v2 20260508 054337
    ROUGE  (40 answers)... done
  -> Variant: 10cat 8bit r16 lr1e-4 p3 20260508 195536
    ROUGE  (40 answers)... done
[evaluate] Metrics saved -> C:\Personal_Endeavours\Fine_Tuning\evaluations\eval_20260509_124559\metrics.json

================================================================================
  Run : 20260509_124559   Evaluated: 2026-05-12T01:51:46
================================================================================
  Variant              ROUGE-1   ROUGE-2   ROUGE-L    tok/s   VRAM MB
  -------------------------------------------------------------------
  10cat 4bit r16 lr1e-4 p3 v2 20260508 054337    0.3477    0.1119    0.2245     19.3      2232
  10cat 8bit r16 lr1e-4 p3 20260508 195536    0.3542    0.1076    0.2257     10.4      4385

  -- Safety-critical vs Non-urgent ROUGE-L --
  Variant               SC ROUGE-L  Non-SC ROUGE-L    SC BERT-F1  Non-SC BERT-F1
  ------------------------------------------------------------------------------
  10cat 4bit r16 lr1e-4 p3 v2 20260508 054337        0.2130          0.2548       n/a           n/a      
  10cat 8bit r16 lr1e-4 p3 20260508 195536        0.2130          0.2592       n/a           n/a      

  -- Per-category ROUGE-L --
  Category                              10cat 4bit r16 lr1e-4 p3 v2 20260508 054337  10cat 8bit r16 lr1e-4 p3 20260508 195536
  ---------------------------------------------------------------------------------------------------------------------------
  Airway, Choking & Drowning               0.2714     0.2494
  Bites, Stings & Envenomation             0.1614     0.2057
  Bleeding & Wounds                        0.2130     0.2199
  Burns & Environmental Emergencies        0.2923     0.2810
  Cardiac & Resuscitation                  0.2283     0.2324
  Metabolic & Endocrine Emergencies        0.1295     0.1504
  Minor Injuries & General First Aid       0.2301     0.2398
  Neurological & Altered Consciousness     0.1804     0.1989
  Poisoning, Overdose & Toxic Exposure     0.2504     0.2141
  Respiratory Emergencies                  0.2443     0.1418
  Spinal Injuries & Patient Movement       0.2136     0.2018
  Trauma & Musculoskeletal                 0.2373     0.2492
================================================================================

[evaluate] Aggregate saved -> C:\Personal_Endeavours\Fine_Tuning\evaluations\aggregate_metrics.json
