
python.exe : [transformers] `torch_dtype` is deprecated! Use `dtype` instead!
At C:\Personal_Endeavours\Fine_Tuning\run_phase1_rag.ps1:124 char:15
+     $output = & python $baseArgs 2>&1
+               ~~~~~~~~~~~~~~~~~~~~~~~
    + CategoryInfo          : NotSpecified: ([transformers] ...dtype` instead!:String) [], RemoteException
    + FullyQualifiedErrorId : NativeCommandError
 
[BM25RAG] KB loaded: 4,441 Q&A pairs from train.json
[BM25RAG] BM25 index ready (4,441 documents).

============================================================
  Enhanced Inference -- 40-Question Eval
============================================================
  Adapter      : C:\Personal_Endeavours\Fine_Tuning\experiments\10cat_4bit_r16_lr1e-4_p3_v2_20260508_054337\adapter
  Quant        : 4bit
  T2 greedy SC : ON
  T4 min tok   : OFF
  T5 RAG       : ON (bm25)
  T6 two-pass  : OFF
  Questions    : 40
  Output dir   : C:\Personal_Endeavours\Fine_Tuning\evaluations/
============================================================
  Loading model...

Loading weights:   0%|          | 0/164 [00:00<?, ?it/s]
Loading weights:   1%|          | 1/164 [00:01<02:43,  1.00s/it]
Loading weights:   2%|1         | 3/164 [00:01<00:47,  3.36it/s]
Loading weights:   3%|3         | 5/164 [00:01<00:28,  5.60it/s]
Loading weights:   8%|7         | 13/164 [00:01<00:09, 16.63it/s]
Loading weights:  13%|#2        | 21/164 [00:01<00:05, 27.42it/s]
Loading weights:  21%|##        | 34/164 [00:01<00:02, 48.06it/s]
Loading weights:  30%|###       | 50/164 [00:01<00:01, 71.01it/s]
Loading weights:  41%|####1     | 68/164 [00:01<00:01, 93.25it/s]
Loading weights:  52%|#####1    | 85/164 [00:01<00:00, 111.14it/s]
Loading weights:  60%|#####9    | 98/164 [00:02<00:00, 85.13it/s] 
Loading weights:  66%|######6   | 109/164 [00:02<00:00, 70.45it/s]
Loading weights:  72%|#######1  | 118/164 [00:02<00:00, 60.10it/s]
Loading weights:  77%|#######6  | 126/164 [00:02<00:00, 53.48it/s]
Loading weights:  81%|########1 | 133/164 [00:03<00:00, 41.15it/s]
Loading weights:  85%|########4 | 139/164 [00:03<00:00, 30.32it/s]
Loading weights:  88%|########7 | 144/164 [00:03<00:00, 27.87it/s]
Loading weights:  90%|######### | 148/164 [00:04<00:00, 22.77it/s]
Loading weights:  92%|#########2| 151/164 [00:04<00:00, 22.30it/s]
Loading weights:  95%|#########5| 156/164 [00:04<00:00, 22.33it/s]
Loading weights:  97%|#########6| 159/164 [00:04<00:00, 18.21it/s]
Loading weights: 100%|##########| 164/164 [00:04<00:00, 34.07it/s]
  VRAM after load: 2150 MB
[enhanced] Active techniques: ['greedy_sc', 'rag']
  Q01/40  What is the correct ratio of chest compressions to rescue br...
[BM25RAG] Q01  score=1.000  retrieved: What is the recommended ratio of chest compressions to ...
  [BM25-RAG] Q01  score=1.000  cap=N  [Cardiac & Resuscitation]
    Q: What is the recommended ratio of chest compressions to rescue breaths 
    A: The recommended ratio of chest compressions to rescue breaths for an adult or ch...
          18.26 tok/s  2240 MB [SC] T2 T5:bm25
  Q02/40  A person collapses, is unresponsive, and not breathing norma...
[BM25RAG] Q02  score=1.000  retrieved: What are the signs that defibrillation may be needed?...
  [BM25-RAG] Q02  score=1.000  cap=N  [Cardiac & Resuscitation]
    Q: What are the signs that defibrillation may be needed?
    A: If a person suddenly collapses, is unresponsive, and not breathing, defibrillati...
          19.5 tok/s  2240 MB [SC] T2 T5:bm25
  Q03/40  What are the signs of a heart attack and what should you do ...
[BM25RAG] Q03  score=1.000  retrieved: What are the long-term effects of a heart attack if not...
  [BM25-RAG] Q03  score=1.000  cap=N  [Cardiac & Resuscitation]
    Q: What are the long-term effects of a heart attack if not treated immedi
    A: If a heart attack is not treated immediately, it can cause permanent damage to t...
          19.0 tok/s  2241 MB [SC] T2 T5:bm25
  Q04/40  An adult is choking and cannot speak, cry, or breathe. What ...
[BM25RAG] Q04  score=1.000  retrieved: What should I do if a choking adult is unable to cough ...
  [BM25-RAG] Q04  score=1.000  cap=N  [Airway, Choking & Drowning]
    Q: What should I do if a choking adult is unable to cough or speak?
    A: If a choking adult is unable to cough or speak, their airway is likely completel...
          19.35 tok/s  2243 MB [SC] T2 T5:bm25
  Q05/40  You rescue someone from drowning. They are unconscious and n...
[BM25RAG] Q05  score=1.000  retrieved: What should you do if you find someone unconscious and ...
  [BM25-RAG] Q05  score=1.000  cap=N  [Cardiac & Resuscitation]
    Q: What should you do if you find someone unconscious and not breathing?
    A: If you find someone unconscious and not breathing, call emergency services immed...
          17.78 tok/s  2242 MB [SC] T2 T5:bm25
  Q06/40  How do you control severe arterial bleeding from a limb when...
[BM25RAG] Q06 GAP GATE ù retrieval skipped. (Arterial bleeding / tourniquet placement)
          18.14 tok/s  2232 MB [SC] T2 T5:gated
  Q07/40  What is the correct way to clean and dress a minor laceratio...
[BM25RAG] Q07  score=1.000  retrieved: What is the best way to handle a deep cut or laceration...
  [BM25-RAG] Q07  score=1.000  cap=N  [Bleeding & Wounds]
    Q: What is the best way to handle a deep cut or laceration?
    A: Apply direct pressure to the wound with a clean cloth to control bleeding. If th...
          17.59 tok/s  2239 MB T5:bm25
  Q08/40  How do you immobilise a suspected fractured forearm before m...
[BM25RAG] Q08  score=1.000  retrieved: How should I treat a dislocated shoulder at home before...
  [BM25-RAG] Q08  score=1.000  cap=N  [Trauma & Musculoskeletal]
    Q: How should I treat a dislocated shoulder at home before medical help a
    A: Before medical help arrives, immobilize the dislocated shoulder by supporting th...
          18.15 tok/s  2240 MB T5:bm25
  Q09/40  A person has a severely sprained ankle. What is the correct ...
[BM25RAG] Q09  score=1.000  retrieved: What is the recommended treatment for a sprained ankle ...
  [BM25-RAG] Q09  score=1.000  cap=N  [Bleeding & Wounds]
    Q: What is the recommended treatment for a sprained ankle after 48 hours?
    A: After 48 hours, if the swelling from a sprained ankle has subsided, you can begi...
          18.69 tok/s  2242 MB T5:bm25
  Q10/40  What is the correct first aid for a suspected snake bite in ...
[BM25RAG] Q10  score=1.000  retrieved: What is the recommended first aid for a non-venomous sn...
  [BM25-RAG] Q10  score=1.000  cap=N  [Bleeding & Wounds]
    Q: What is the recommended first aid for a non-venomous snake bite?
    A: For a non-venomous snake bite, clean the bite area with soap and water, apply a ...
          18.14 tok/s  2240 MB [SC] T5:bm25
  Q11/40  A person is stung by a bee and begins showing signs of anaph...
[BM25RAG] Q11  score=1.000  retrieved: What should I do if a child is stung by a bee and begin...
  [BM25-RAG] Q11  score=1.000  cap=N  [Bites, Stings & Envenomation]
    Q: What should I do if a child is stung by a bee and begins to vomit?
    A: If a child is stung by a bee and begins to vomit, this could indicate a severe a...
          19.92 tok/s  2243 MB [SC] T2 T5:bm25
  Q12/40  You find someone who has suffered an electric shock. They ar...
[BM25RAG] Q12  score=1.000  retrieved: What should you do if you come across an unconscious pe...
  [BM25-RAG] Q12  score=1.000  cap=N  [Cardiac & Resuscitation]
    Q: What should you do if you come across an unconscious person who has su
    A: Check for signs of breathing and pulse. If the person is not breathing or has no...
          20.15 tok/s  2241 MB [SC] T2 T5:bm25
  Q13/40  A child has swallowed a household chemical. They are conscio...
[BM25RAG] Q13  score=1.000  retrieved: How should you treat a person who has swallowed a non-c...
  [BM25-RAG] Q13  score=1.000  cap=N  [Poisoning, Overdose & Toxic Exposure]
    Q: How should you treat a person who has swallowed a non-corrosive substa
    A: If a person has swallowed a non-corrosive substance like a detergent, try to get...
          19.59 tok/s  2243 MB T5:bm25
  Q14/40  How do you treat a minor superficial burn at home?...
[BM25RAG] Q14  score=1.000  retrieved: How can you tell if a burn is superficial or deep?...
  [BM25-RAG] Q14  score=1.000  cap=N  [Burns & Environmental Emergencies]
    Q: How can you tell if a burn is superficial or deep?
    A: A superficial burn affects only the outer layer of the skin, causing redness and...
          19.77 tok/s  2239 MB T5:bm25
  Q15/40  What are the signs of heat stroke and how do you treat it?...
[BM25RAG] Q15  score=1.000  retrieved: What are the signs of a temperature-related emergency, ...
  [BM25-RAG] Q15  score=1.000  cap=N  [Burns & Environmental Emergencies]
    Q: What are the signs of a temperature-related emergency, like heat strok
    A: Signs of heat stroke include confusion, altered mental state, rapid heart rate, ...
          19.14 tok/s  2239 MB [SC] T5:bm25
  Q16/40  A person is having a tonic-clonic seizure. What should you d...
[BM25RAG] Q16  score=1.000  retrieved: What should I do if a person is having a seizure during...
  [BM25-RAG] Q16  score=1.000  cap=N  [Airway, Choking & Drowning]
    Q: What should I do if a person is having a seizure during sleep?
    A: If a person is having a seizure during sleep, do not attempt to wake them up. In...
          19.0 tok/s  2244 MB [SC] T5:bm25
  Q17/40  What position should you place a conscious casualty in when ...
[BM25RAG] Q17 GAP GATE ù retrieval skipped. (Shock position (lay flat, elevate legs))
          19.04 tok/s  2232 MB [SC] T2 T5:gated
  Q18/40  A person has fallen from height and you suspect a spinal inj...
[BM25RAG] Q18  score=1.000  retrieved: What should a bystander do if they suspect a person has...
  [BM25-RAG] Q18  score=1.000  cap=N  [Spinal Injuries & Patient Movement]
    Q: What should a bystander do if they suspect a person has a spinal injur
    A: If a spinal injury is suspected, the bystander should avoid moving the person an...
          19.84 tok/s  2242 MB [SC] T2 T5:bm25
  Q19/40  What are the warning signs of a concussion after a head inju...
[BM25RAG] Q19  score=1.000  retrieved: What are the warning signs that fainting could be relat...
  [BM25-RAG] Q19  score=1.000  cap=N  [Neurological & Altered Consciousness]
    Q: What are the warning signs that fainting could be related to a heart p
    A: Warning signs that fainting could be related to a heart problem include chest pa...
          19.0 tok/s  2240 MB T2 T5:bm25
  Q20/40  How do you treat a chemical splash to the eye?...
[BM25RAG] Q20  score=1.000  retrieved: What should I do if a chemical splash causes pain and r...
  [BM25-RAG] Q20  score=1.000  cap=N  [Bleeding & Wounds]
    Q: What should I do if a chemical splash causes pain and redness in the e
    A: If a chemical splash causes pain and redness in the eye, immediately flush the e...
          19.4 tok/s  2240 MB T5:bm25
  Q21/40  An infant under 1 year old is choking, cannot cry, and is tu...
[BM25RAG] Q21 GAP GATE ù retrieval skipped. (Infant choking (back-blow / chest-thrust variant))
          19.19 tok/s  2232 MB [SC] T2 T5:gated
  Q22/40  A person has a large piece of glass embedded in their thigh ...
[BM25RAG] Q22 GAP GATE ù retrieval skipped. (Embedded object ('do not remove, stabilise'))
          19.21 tok/s  2232 MB [SC] T2 T5:gated
  Q23/40  A person has an open lower-leg fracture with bone visible. W...
[BM25RAG] Q23  score=1.000  retrieved: What is a ring pad, and when should it be used in fract...
  [BM25-RAG] Q23  score=1.000  cap=N  [Bleeding & Wounds]
    Q: What is a ring pad, and when should it be used in fracture management?
    A: A ring pad is a doughnut-shaped padding used around a protruding bone in an open...
          19.2 tok/s  2241 MB T5:bm25
  Q24/40  What is the first aid for a suspected funnel-web spider bite...
[BM25RAG] Q24  score=1.000  retrieved: What is the recommended treatment for a Funnel-web spid...
  [BM25-RAG] Q24  score=1.000  cap=N  [Bites, Stings & Envenomation]
    Q: What is the recommended treatment for a Funnel-web spider bite in the 
    A: In the field, treat a Funnel-web spider bite as you would for a snake bite. Keep...
          18.75 tok/s  2240 MB [SC] T5:bm25
  Q25/40  You find someone very drowsy with slow breathing after suspe...
[BM25RAG] Q25  score=1.000  retrieved: How can I recognize an opioid overdose?...
  [BM25-RAG] Q25  score=1.000  cap=N  [Poisoning, Overdose & Toxic Exposure]
    Q: How can I recognize an opioid overdose?
    A: An opioid overdose can be identified by symptoms like slow or irregular breathin...
          19.53 tok/s  2239 MB [SC] T5:bm25
  Q26/40  A person is very cold, confused, shivering weakly, and has b...
[BM25RAG] Q26  score=1.000  retrieved: What should you do if a person has been exposed to a to...
  [BM25-RAG] Q26  score=1.000  cap=N  [Airway, Choking & Drowning]
    Q: What should you do if a person has been exposed to a toxic substance f
    A: If a person has been exposed to a toxic substance from a workplace accident, rem...
          18.85 tok/s  2244 MB [SC] T5:bm25
  Q27/40  A person's face droops on one side, one arm is weak, and the...
[BM25RAG] Q27  score=1.000  retrieved: What is the FAST method in stroke identification?...
  [BM25-RAG] Q27  score=1.000  cap=N  [Neurological & Altered Consciousness]
    Q: What is the FAST method in stroke identification?
    A: FAST stands for: Face û check for facial droop; Arms û see if one arm drifts dow...
          18.92 tok/s  2242 MB [SC] T5:bm25
  Q28/40  A motorcyclist has crashed and you suspect a spinal injury. ...
[BM25RAG] Q28 GAP GATE ù retrieval skipped. (Helmet removal spinal immobilisation protocol)
          19.03 tok/s  2233 MB [SC] T2 T5:gated
  Q29/40  A person with a suspected spinal injury starts vomiting whil...
[BM25RAG] Q29  score=1.000  retrieved: What should you do if a casualty with a suspected spina...
  [BM25-RAG] Q29  score=1.000  cap=N  [Airway, Choking & Drowning]
    Q: What should you do if a casualty with a suspected spinal injury starts
    A: If a casualty with a suspected spinal injury starts to complain of difficulty br...
          19.39 tok/s  2243 MB [SC] T2 T5:bm25
  Q30/40  What is the correct first aid for a nosebleed?...
[BM25RAG] Q30  score=1.000  retrieved: What role does a medicine measure play in a first aid k...
  [BM25-RAG] Q30  score=1.000  cap=N  [Minor Injuries & General First Aid]
    Q: What role does a medicine measure play in a first aid kit?
    A: A medicine measure is used to accurately measure and administer liquid medicatio...
          18.86 tok/s  2240 MB T5:bm25
  Q31/40  A person is having a moderate asthma attack. They have their...
[BM25RAG] Q31  score=1.000  retrieved: What should I do if someone is having an asthma attack?...
  [BM25-RAG] Q31  score=1.000  cap=N  [Airway, Choking & Drowning]
    Q: What should I do if someone is having an asthma attack?
    A: If someone is having an asthma attack, have them sit up straight and stay calm. ...
          19.26 tok/s  2244 MB [SC] T5:bm25
  Q32/40  A known diabetic person is conscious but confused, pale, swe...
[BM25RAG] Q32  score=1.000  retrieved: What should you do if the unconscious person is a diabe...
  [BM25-RAG] Q32  score=1.000  cap=N  [Cardiac & Resuscitation]
    Q: What should you do if the unconscious person is a diabetic and appears
    A: If the unconscious person is diabetic and appears to have fainted, you should ch...
          18.38 tok/s  2244 MB [SC] T5:bm25
  Q33/40  A 5-year-old child is unresponsive and not breathing after a...
[BM25RAG] Q33  score=1.000  retrieved: What should I do if a choking adult or child becomes un...
  [BM25-RAG] Q33  score=1.000  cap=N  [Cardiac & Resuscitation]
    Q: What should I do if a choking adult or child becomes unresponsive whil
    A: If a choking adult or child becomes unresponsive while waiting for medical help,...
          18.99 tok/s  2243 MB [SC] T2 T5:bm25
  Q34/40  An AED has just arrived at the side of a person in cardiac a...
[BM25RAG] Q34  score=1.000  retrieved: Is it safe to use a defibrillator (AED) on a person who...
  [BM25-RAG] Q34  score=1.000  cap=N  [Cardiac & Resuscitation]
    Q: Is it safe to use a defibrillator (AED) on a person who has suffered a
    A: Yes, it is safe to use an AED on a person who has suffered an electric shock, pr...
          19.73 tok/s  2244 MB [SC] T2 T5:bm25
  Q35/40  A construction worker has had two fingers traumatically ampu...
[BM25RAG] Q35  score=1.000  retrieved: How would a rural healthcare worker handle a fish hook ...
  [BM25-RAG] Q35  score=1.000  cap=N  [Bleeding & Wounds]
    Q: How would a rural healthcare worker handle a fish hook injury without 
    A: A rural healthcare worker would follow the protocol of pushing the hook through ...
          19.19 tok/s  2245 MB [SC] T2 T5:bm25
  Q36/40  A person has a penetrating chest wound and you can hear air ...
[BM25RAG] Q36  score=1.000  retrieved: How can you identify if a casualtyÆs chest injury is ca...
  [BM25-RAG] Q36  score=1.000  cap=N  [Bleeding & Wounds]
    Q: How can you identify if a casualtyÆs chest injury is causing air to be
    A: Signs that a chest injury is causing air to be sucked into the wound include a d...
          19.75 tok/s  2243 MB [SC] T5:bm25
  Q37/40  A person who has been exercising in hot weather is pale, swe...
[BM25RAG] Q37  score=1.000  retrieved: What are the key differences between heat exhaustion an...
  [BM25-RAG] Q37  score=1.000  cap=N  [Burns & Environmental Emergencies]
    Q: What are the key differences between heat exhaustion and heat stroke i
    A: In heat exhaustion, the skin is pale, cold, and clammy with heavy sweating. In h...
          19.94 tok/s  2244 MB T5:bm25
  Q38/40  An 18-month-old child has a brief seizure during a high feve...
[BM25RAG] Q38  score=1.000  retrieved: Can a person have a seizure during sleep, and if so, wh...
  [BM25-RAG] Q38  score=1.000  cap=N  [Neurological & Altered Consciousness]
    Q: Can a person have a seizure during sleep, and if so, what should I do?
    A: Yes, a person can have a seizure during sleep, often without waking up. If you s...
          17.65 tok/s  2244 MB [SC] T5:bm25
  Q39/40  A child has a small non-embedded foreign object (grit or eye...
[BM25RAG] Q39  score=1.000  retrieved: What should I do if someone has a foreign body in their...
  [BM25-RAG] Q39  score=1.000  cap=N  [Minor Injuries & General First Aid]
    Q: What should I do if someone has a foreign body in their eye and is exp
    A: If someone has a foreign body in their eye and is experiencing severe light sens...
          18.63 tok/s  2244 MB T5:bm25
  Q40/40  A person reports being bitten on the hand by a blue-ringed o...
[BM25RAG] Q40  score=1.000  retrieved: What can be done to reduce the risk of a Blue-ringed Oc...
  [BM25-RAG] Q40  score=1.000  cap=N  [Bites, Stings & Envenomation]
    Q: What can be done to reduce the risk of a Blue-ringed Octopus bite when
    A: To reduce the risk of a Blue-ringed Octopus bite, avoid putting your hands or fe...
          18.52 tok/s  2243 MB [SC] T5:bm25

[enhanced] Results saved -> C:\Personal_Endeavours\Fine_Tuning\evaluations\enhanced_eval_20260512_014930\run.json

============================================================
  SUMMARY
============================================================
  Answered          : 40 / 40
  T2 greedy fired   : 18 questions
  T5 RAG fired      : 35 questions
  T5 gap-gated      : 5 questions (Q6/Q17/Q21/Q22/Q28)
  T6 pass2 used     : 0 questions
  Avg tok/s         : 19.0
  Peak VRAM         : 2245 MB
  Errors            : 0
  Results           : C:\Personal_Endeavours\Fine_Tuning\evaluations\enhanced_eval_20260512_014930\run.json
============================================================
